<?xml version="1.0" encoding="UTF-8"?>
<testng-results ignored="0" total="2" passed="2" failed="0" skipped="0">
  <reporter-output>
  </reporter-output>
  <suite started-at="2022-12-09T16:52:48 IST" name="Default suite" finished-at="2022-12-09T16:52:52 IST" duration-ms="3951">
    <groups>
    </groups>
    <test started-at="2022-12-09T16:52:48 IST" name="Default test" finished-at="2022-12-09T16:52:52 IST" duration-ms="3951">
      <class name="ApiQuestion.Question10">
        <test-method is-config="true" signature="setSpecification()[pri:0, instance:ApiQuestion.Question10@5167f57d]" started-at="2022-12-09T16:52:48 IST" name="setSpecification" finished-at="2022-12-09T16:52:49 IST" duration-ms="960" status="PASS">
          <reporter-output>
          </reporter-output>
        </test-method> <!-- setSpecification -->
        <test-method signature="loginuser()[pri:1, instance:ApiQuestion.Question10@5167f57d]" started-at="2022-12-09T16:52:49 IST" name="loginuser" description="Valid credentials" finished-at="2022-12-09T16:52:52 IST" duration-ms="2563" status="PASS">
          <reporter-output>
          </reporter-output>
        </test-method> <!-- loginuser -->
        <test-method signature="loginuser1()[pri:1, instance:ApiQuestion.Question10@5167f57d]" started-at="2022-12-09T16:52:52 IST" name="loginuser1" description="Invalid credentials" finished-at="2022-12-09T16:52:52 IST" duration-ms="378" status="PASS">
          <reporter-output>
          </reporter-output>
        </test-method> <!-- loginuser1 -->
      </class> <!-- ApiQuestion.Question10 -->
    </test> <!-- Default test -->
  </suite> <!-- Default suite -->
</testng-results>
