<?xml version="1.0" encoding="UTF-8"?>
<!-- Generated by org.testng.reporters.JUnitXMLReporter -->
<testsuite ignored="0" hostname="POOLW49ZLPC0155" failures="0" tests="8" name="AddCoupon_TC" time="281.788" errors="0" timestamp="2022-12-09T12:02:24 IST">
  <testcase classname="TestCase.AddCoupon_TC" name="valid_1" time="28.201"/>
  <testcase classname="TestCase.AddCoupon_TC" name="invalid_1" time="14.959"/>
  <testcase classname="TestCase.AddCoupon_TC" name="number_1" time="21.39"/>
  <testcase classname="TestCase.AddCoupon_TC" name="specialcharacter_1" time="14.992"/>
  <testcase classname="TestCase.AddCoupon_TC" name="lesschar_1" time="31.99"/>
  <testcase classname="TestCase.AddCoupon_TC" name="blank_1" time="15.159"/>
  <testcase classname="TestCase.AddCoupon_TC" name="space_1" time="15.386"/>
  <testcase classname="TestCase.AddCoupon_TC" name="alphanumeric_1" time="19.146"/>
</testsuite> <!-- AddCoupon_TC -->
