<?xml version="1.0" encoding="UTF-8"?>
<!-- Generated by org.testng.reporters.JUnitXMLReporter -->
<testsuite ignored="0" hostname="POOLW49ZLPC0155" failures="0" tests="7" name="Update_TC" time="229.492" errors="0" timestamp="2022-12-09T13:35:52 IST">
  <testcase classname="TestCase.Update_TC" name="valid_1" time="15.722"/>
  <testcase classname="TestCase.Update_TC" name="invalid_1" time="17.77"/>
  <testcase classname="TestCase.Update_TC" name="number_1" time="14.431"/>
  <testcase classname="TestCase.Update_TC" name="specialcharacter_1" time="17.903"/>
  <testcase classname="TestCase.Update_TC" name="lesschar_1" time="12.15"/>
  <testcase classname="TestCase.Update_TC" name="blank_1" time="16.555"/>
  <testcase classname="TestCase.Update_TC" name="pic_valid" time="11.633"/>
</testsuite> <!-- Update_TC -->
